[debug] [2019-05-30T12:28:31.998Z] ----------------------------------------------------------------------
[debug] [2019-05-30T12:28:32.003Z] Command:       C:\Program Files (x86)\nodejs\node.exe C:\Users\erd\AppData\Roaming\npm\node_modules\firebase-tools\lib\bin\firebase.js deploy
[debug] [2019-05-30T12:28:32.003Z] CLI Version:   6.4.0
[debug] [2019-05-30T12:28:32.003Z] Platform:      win32
[debug] [2019-05-30T12:28:32.003Z] Node Version:  v10.11.0
[debug] [2019-05-30T12:28:32.019Z] Time:          Thu May 30 2019 14:28:32 GMT+0200 (GMT+02:00)
[debug] [2019-05-30T12:28:32.020Z] ----------------------------------------------------------------------
[debug] 
[debug] [2019-05-30T12:28:32.037Z] > command requires scopes: ["email","openid","https://www.googleapis.com/auth/cloudplatformprojects.readonly","https://www.googleapis.com/auth/firebase","https://www.googleapis.com/auth/cloud-platform"]
[debug] [2019-05-30T12:28:32.037Z] > authorizing via signed-in user
[debug] [2019-05-30T12:28:32.037Z] [iam] checking project stakademi-65bcc for permissions ["cloudfunctions.functions.create","cloudfunctions.functions.delete","cloudfunctions.functions.get","cloudfunctions.functions.list","cloudfunctions.functions.update","cloudfunctions.operations.get","datastore.indexes.create","datastore.indexes.delete","datastore.indexes.list","datastore.indexes.update","firebase.projects.get","firebasedatabase.instances.update","firebasehosting.sites.update","firebaserules.releases.create","firebaserules.releases.update","firebaserules.rulesets.create"]
[debug] [2019-05-30T12:28:32.040Z] > refreshing access token with scopes: ["email","https://www.googleapis.com/auth/cloud-platform","https://www.googleapis.com/auth/cloudplatformprojects.readonly","https://www.googleapis.com/auth/firebase","openid"]
[debug] [2019-05-30T12:28:32.040Z] >>> HTTP REQUEST POST https://www.googleapis.com/oauth2/v3/token  
 <request body omitted>
[debug] [2019-05-30T12:28:32.321Z] <<< HTTP RESPONSE 200
[debug] [2019-05-30T12:28:32.333Z] >>> HTTP REQUEST POST https://cloudresourcemanager.googleapis.com/v1/projects/stakademi-65bcc:testIamPermissions  

[debug] [2019-05-30T12:28:33.207Z] <<< HTTP RESPONSE 200
[debug] [2019-05-30T12:28:33.212Z] >>> HTTP REQUEST GET https://firebase.googleapis.com/v1beta1/projects/stakademi-65bcc  
 
[debug] [2019-05-30T12:28:33.515Z] <<< HTTP RESPONSE 200
[info] 
[info] === Deploying to 'stakademi-65bcc'...
[info] 
[info] i  deploying database, storage, firestore, functions, hosting
[info] i  database: checking rules syntax...
[debug] [2019-05-30T12:28:38.837Z] >>> HTTP REQUEST PUT https://stakademi-65bcc.firebaseio.com/.settings/rules.json?dryRun=true  
 {
  /* Visit https://firebase.google.com/docs/database/security to learn more about security rules. */
  "rules": {
    ".read": false,
    ".write": false
  }
}
[debug] [2019-05-30T12:28:39.504Z] <<< HTTP RESPONSE 200
[info] +  database: rules syntax for database stakademi-65bcc is valid
[debug] [2019-05-30T12:28:39.507Z] >>> HTTP REQUEST GET https://appengine.googleapis.com/v1/apps/stakademi-65bcc  
 
[debug] [2019-05-30T12:28:40.602Z] <<< HTTP RESPONSE 200
[info] i  storage: checking storage.rules for compilation errors...
[debug] [2019-05-30T12:28:40.606Z] >>> HTTP REQUEST POST https://firebaserules.googleapis.com/v1/projects/stakademi-65bcc:test  

[debug] [2019-05-30T12:28:40.870Z] <<< HTTP RESPONSE 200
[info] +  storage: rules file storage.rules compiled successfully
[info] i  firestore: checking firestore.rules for compilation errors...
[info] i  firestore: reading indexes from firestore.indexes.json...
[debug] [2019-05-30T12:28:40.890Z] >>> HTTP REQUEST POST https://firebaserules.googleapis.com/v1/projects/stakademi-65bcc:test  

[debug] [2019-05-30T12:28:41.087Z] <<< HTTP RESPONSE 200
[info] +  firestore: rules file firestore.rules compiled successfully
[debug] [2019-05-30T12:28:41.093Z] > [functions] package.json contents: {
  "name": "functions",
  "description": "Cloud Functions for Firebase",
  "scripts": {
    "serve": "firebase serve --only functions",
    "shell": "firebase functions:shell",
    "start": "npm run shell",
    "deploy": "firebase deploy --only functions",
    "logs": "firebase functions:log"
  },
  "dependencies": {
    "firebase-admin": "~6.0.0",
    "firebase-functions": "^2.1.0"
  },
  "private": true
}
[info] i  functions: ensuring necessary APIs are enabled...
[debug] [2019-05-30T12:28:41.096Z] >>> HTTP REQUEST GET https://servicemanagement.googleapis.com/v1/services/cloudfunctions.googleapis.com/projectSettings/stakademi-65bcc?view=CONSUMER_VIEW  
 
[debug] [2019-05-30T12:28:41.097Z] >>> HTTP REQUEST GET https://servicemanagement.googleapis.com/v1/services/runtimeconfig.googleapis.com/projectSettings/stakademi-65bcc?view=CONSUMER_VIEW  
 
[debug] [2019-05-30T12:28:42.617Z] <<< HTTP RESPONSE 200
[info] +  functions: all necessary APIs are enabled
[debug] [2019-05-30T12:28:42.747Z] <<< HTTP RESPONSE 200
[debug] [2019-05-30T12:28:42.748Z] >>> HTTP REQUEST GET https://cloudresourcemanager.googleapis.com/v1/projects/stakademi-65bcc  
 
[debug] [2019-05-30T12:28:43.556Z] <<< HTTP RESPONSE 200
[debug] [2019-05-30T12:28:43.557Z] >>> HTTP REQUEST GET https://mobilesdk-pa.googleapis.com/v1/projects/1080959195235:getServerAppConfig  
 
[debug] [2019-05-30T12:28:43.827Z] <<< HTTP RESPONSE 200
[debug] [2019-05-30T12:28:43.829Z] >>> HTTP REQUEST POST https://firebasehosting.googleapis.com/v1beta1/sites/stakademi-65bcc/versions  

[debug] [2019-05-30T12:28:45.407Z] <<< HTTP RESPONSE 200
[info] i  storage: uploading rules storage.rules...
[debug] [2019-05-30T12:28:45.411Z] >>> HTTP REQUEST POST https://firebaserules.googleapis.com/v1/projects/stakademi-65bcc/rulesets  

[debug] [2019-05-30T12:28:46.345Z] <<< HTTP RESPONSE 200
[debug] [2019-05-30T12:28:46.345Z] [rules] created ruleset projects/stakademi-65bcc/rulesets/69cd593f-2c13-4b37-86cb-72cc0faed13d
[info] i  firestore: uploading rules firestore.rules...
[debug] [2019-05-30T12:28:46.359Z] >>> HTTP REQUEST POST https://firebaserules.googleapis.com/v1/projects/stakademi-65bcc/rulesets  

[debug] [2019-05-30T12:28:46.360Z] >>> HTTP REQUEST GET https://firestore.googleapis.com/v1beta2/projects/stakademi-65bcc/databases/(default)/collectionGroups/-/indexes  
 
[debug] [2019-05-30T12:28:46.730Z] <<< HTTP RESPONSE 200
[debug] [2019-05-30T12:28:46.732Z] >>> HTTP REQUEST GET https://firestore.googleapis.com/v1beta2/projects/stakademi-65bcc/databases/(default)/collectionGroups/-/fields?filter=indexConfig.usesAncestorConfig=false  
 
[debug] [2019-05-30T12:28:47.039Z] <<< HTTP RESPONSE 200
[info] +  firestore: deployed indexes in firestore.indexes.json successfully
[debug] [2019-05-30T12:28:47.303Z] <<< HTTP RESPONSE 200
[debug] [2019-05-30T12:28:47.304Z] [rules] created ruleset projects/stakademi-65bcc/rulesets/f5cec797-9f71-4a2e-a7e6-45067cdfa9e0
[info] i  functions: preparing functions directory for uploading...
[debug] [2019-05-30T12:28:47.317Z] >>> HTTP REQUEST GET https://runtimeconfig.googleapis.com/v1beta1/projects/stakademi-65bcc/configs  
 
[debug] [2019-05-30T12:28:47.814Z] <<< HTTP RESPONSE 200
[info] i  functions: packaged functions (42.89 KB) for uploading
[debug] [2019-05-30T12:28:49.349Z] >>> HTTP REQUEST POST https://cloudfunctions.googleapis.com/v1/projects/stakademi-65bcc/locations/us-central1/functions:generateUploadUrl  
 
[debug] [2019-05-30T12:28:50.432Z] <<< HTTP RESPONSE 200
[debug] [2019-05-30T12:28:50.436Z] >>> HTTP REQUEST PUT https://storage.googleapis.com/gcf-upload-us-central1-dc96f262-412f-408f-a353-47c72744a02e/65eafe0a-16ab-4aae-8bd2-c9971646de7b.zip?GoogleAccessId=service-1080959195235@gcf-admin-robot.iam.gserviceaccount.com&Expires=1559221128&Signature=m4daGsa7sPjLeCQWSSxBAhWwshYYD98%2BY65C5iQOwjPsIbKl3wSkRtjvYk0l4ySTXeZBvTOD%2BP1I0nE5o6HCpujetatHJEAnGbyxTB3tctsnwPEaAyvf3aKAX1cTPzGgH4ot%2F3MzfOCUaS3u%2B%2FlFrwwglNweuwCTnx69p5vXNJs5T8PKIwxnA%2FsCvjI9c4xmMVD%2BodKlIjcQ9FP5XojOPGWv7vxaf%2BfzBWGgSa7NzEiwIJgueb4BHxXmCiK9OvqYP2BGYUwCUh042qKC%2BJggsvp60Nn2ySEY5pFwJlDczBafQHa8w76fueud7G9Ew%2FJjWcZveWkj0tjJ2W9QdSH2rw%3D%3D  

[debug] [2019-05-30T12:28:51.558Z] <<< HTTP RESPONSE 200
[info] +  functions: functions folder uploaded successfully
[info] i  hosting[stakademi-65bcc]: beginning deploy...
[info] i  hosting[stakademi-65bcc]: found 29 files in build
[debug] [2019-05-30T12:28:51.712Z] [hosting] hash cache [YnVpbGQ] load error: lines is not defined
[debug] [2019-05-30T12:28:53.622Z] [hosting] hash cache [YnVpbGQ] stored for 29 files
[debug] [2019-05-30T12:28:53.623Z] [hosting][hash queue][FINAL]
[debug] [2019-05-30T12:28:53.623Z] >>> HTTP REQUEST POST https://firebasehosting.googleapis.com/v1beta1/sites/stakademi-65bcc/versions/28fb1820123b76cf:populateFiles  
 <request body omitted>
[debug] [2019-05-30T12:28:55.030Z] <<< HTTP RESPONSE 200
[debug] [2019-05-30T12:28:55.052Z] [hosting][populate queue][FINAL]
[debug] [2019-05-30T12:28:55.053Z] [hosting] uploads queued: 6
[debug] [2019-05-30T12:28:57.798Z] [hosting][upload queue][FINAL]
[info] +  hosting[stakademi-65bcc]: file upload complete
[debug] [2019-05-30T12:28:57.803Z] [hosting] deploy completed after 6221ms
[info] i  database: releasing rules...
[debug] [2019-05-30T12:28:57.960Z] >>> HTTP REQUEST PUT https://stakademi-65bcc.firebaseio.com/.settings/rules.json  
 {
  /* Visit https://firebase.google.com/docs/database/security to learn more about security rules. */
  "rules": {
    ".read": false,
    ".write": false
  }
}
[debug] [2019-05-30T12:28:58.531Z] <<< HTTP RESPONSE 200
[info] +  database: rules for database stakademi-65bcc released successfully
[debug] [2019-05-30T12:28:58.537Z] [rules] releasing firebase.storage/stakademi-65bcc.appspot.com with ruleset projects/stakademi-65bcc/rulesets/69cd593f-2c13-4b37-86cb-72cc0faed13d
[debug] [2019-05-30T12:28:58.538Z] >>> HTTP REQUEST PATCH https://firebaserules.googleapis.com/v1/projects/stakademi-65bcc/releases/firebase.storage/stakademi-65bcc.appspot.com  

[debug] [2019-05-30T12:28:59.536Z] <<< HTTP RESPONSE 200
[debug] [2019-05-30T12:28:59.536Z] [rules] updated release projects/stakademi-65bcc/releases/firebase.storage/stakademi-65bcc.appspot.com
[info] +  storage: released rules storage.rules to firebase.storage/stakademi-65bcc.appspot.com
[debug] [2019-05-30T12:28:59.539Z] [rules] releasing cloud.firestore with ruleset projects/stakademi-65bcc/rulesets/f5cec797-9f71-4a2e-a7e6-45067cdfa9e0
[debug] [2019-05-30T12:28:59.539Z] >>> HTTP REQUEST PATCH https://firebaserules.googleapis.com/v1/projects/stakademi-65bcc/releases/cloud.firestore  

[debug] [2019-05-30T12:29:00.485Z] <<< HTTP RESPONSE 200
[debug] [2019-05-30T12:29:00.486Z] [rules] updated release projects/stakademi-65bcc/releases/cloud.firestore
[info] +  firestore: released rules firestore.rules to cloud.firestore
[debug] [2019-05-30T12:29:00.495Z] >>> HTTP REQUEST GET https://cloudfunctions.googleapis.com/v1/projects/stakademi-65bcc/locations/-/functions  
 
[debug] [2019-05-30T12:29:00.992Z] <<< HTTP RESPONSE 200
[info] i  functions: updating Node.js 6 function addAdminRole(us-central1)...
[debug] [2019-05-30T12:29:01.007Z] Trigger is:  {"httpsTrigger":{}}
[info] i  functions: updating Node.js 6 function addUserRole(us-central1)...
[debug] [2019-05-30T12:29:01.012Z] Trigger is:  {"httpsTrigger":{}}
[debug] [2019-05-30T12:29:01.018Z] >>> HTTP REQUEST PATCH https://cloudfunctions.googleapis.com/v1/projects/stakademi-65bcc/locations/us-central1/functions/addAdminRole {"updateMask":"sourceUploadUrl,name,labels,httpsTrigger"} 

[debug] [2019-05-30T12:29:01.021Z] >>> HTTP REQUEST PATCH https://cloudfunctions.googleapis.com/v1/projects/stakademi-65bcc/locations/us-central1/functions/addUserRole {"updateMask":"sourceUploadUrl,name,labels,httpsTrigger"} 

[debug] [2019-05-30T12:29:01.589Z] <<< HTTP RESPONSE 200
[debug] [2019-05-30T12:29:01.632Z] <<< HTTP RESPONSE 200
[debug] [2019-05-30T12:29:01.648Z] >>> HTTP REQUEST GET https://cloudfunctions.googleapis.com/v1/projects/stakademi-65bcc/locations/-/functions  
 
[debug] [2019-05-30T12:29:02.097Z] <<< HTTP RESPONSE 200
[debug] [2019-05-30T12:29:02.099Z] >>> HTTP REQUEST GET https://cloudfunctions.googleapis.com/v1/operations/c3Rha2FkZW1pLTY1YmNjL3VzLWNlbnRyYWwxL2FkZEFkbWluUm9sZS8zb05iVk9ZMzh2cw  
 
[debug] [2019-05-30T12:29:02.100Z] >>> HTTP REQUEST GET https://cloudfunctions.googleapis.com/v1/operations/c3Rha2FkZW1pLTY1YmNjL3VzLWNlbnRyYWwxL2FkZFVzZXJSb2xlL0hBQzV6TGdRby1V  
 
[debug] [2019-05-30T12:29:02.371Z] <<< HTTP RESPONSE 200
[debug] [2019-05-30T12:29:02.412Z] <<< HTTP RESPONSE 200
